  CB3DMeshWriter.cpp
  CD3D9RenderTarget.cpp
  CDefaultSceneNodeAnimatorFactory.cpp
  CDefaultSceneNodeFactory.cpp
  CGeometryCreator.cpp
  CGLXManager.cpp
  CMeshCache.cpp
  CMeshManipulator.cpp
  COpenGLCacheHandler.cpp
  COpenGLDriver.cpp
  COpenGLExtensionHandler.cpp
  COpenGLNormalMapRenderer.cpp
  COpenGLParallaxMapRenderer.cpp
  COpenGLShaderMaterialRenderer.cpp
  COpenGLSLMaterialRenderer.cpp
  CSceneManager.cpp
  C3DSMeshFileLoader.cpp
  CSMFMeshFileLoader.cpp
  CAnimatedMeshHalfLife.cpp
  CAnimatedMeshMD2.cpp
  Compiling...
  CAnimatedMeshMD3.cpp
  CB3DMeshFileLoader.cpp
  CBSPMeshFileLoader.cpp
  CColladaFileLoader.cpp
  CCSMLoader.cpp
  CDMFLoader.cpp
  CIrrMeshFileLoader.cpp
  CLMTSMeshFileLoader.cpp
  CLWOMeshFileLoader.cpp
  CMD2MeshFileLoader.cpp
  CMD3MeshFileLoader.cpp
  CMeshTextureLoader.cpp
  CMS3DMeshFileLoader.cpp
  CMY3DMeshFileLoader.cpp
  COBJMeshFileLoader.cpp
  COCTLoader.cpp
  COgreMeshFileLoader.cpp
  CPLYMeshFileLoader.cpp
  CQ3LevelMesh.cpp
  CSkinnedMesh.cpp
  Compiling...
  CSTLMeshFileLoader.cpp
  CWGLManager.cpp
  CXMeshFileLoader.cpp
  CAnimatedMeshSceneNode.cpp
C:\dev\irrlicht\source\Irrlicht\CAnimatedMeshSceneNode.cpp(115,33): warning C4244: '=': conversion from 'double' to 'irr::f32', possible loss of data
C:\dev\irrlicht\source\Irrlicht\CAnimatedMeshSceneNode.cpp(120,31): warning C4244: '=': conversion from 'double' to 'irr::f32', possible loss of data
  CBillboardSceneNode.cpp
  CBoneSceneNode.cpp
  CCameraSceneNode.cpp
  CCubeSceneNode.cpp
  CDummyTransformationSceneNode.cpp
  CEmptySceneNode.cpp
  CLightSceneNode.cpp
  CMeshSceneNode.cpp
  COctreeSceneNode.cpp
  CQuake3ShaderSceneNode.cpp
  CShadowVolumeSceneNode.cpp
  CSkyBoxSceneNode.cpp
  CSkyDomeSceneNode.cpp
  CSphereSceneNode.cpp
  CTerrainSceneNode.cpp
  CTextSceneNode.cpp
  Compiling...
  CVolumeLightSceneNode.cpp
  CWaterSurfaceSceneNode.cpp
  CParticleAnimatedMeshSceneNodeEmitter.cpp
  CParticleAttractionAffector.cpp
  CParticleBoxEmitter.cpp
  CParticleCylinderEmitter.cpp
  CParticleFadeOutAffector.cpp
  CParticleGravityAffector.cpp
  CParticleMeshEmitter.cpp
  CParticlePointEmitter.cpp
  CParticleRingEmitter.cpp
  CParticleRotationAffector.cpp
  CParticleScaleAffector.cpp
  CParticleSphereEmitter.cpp
  CParticleSystemSceneNode.cpp
  CMetaTriangleSelector.cpp
  COctreeTriangleSelector.cpp
  CSceneCollisionManager.cpp
  CTerrainTriangleSelector.cpp
  CTriangleBBSelector.cpp
  Compiling...
  CTriangleSelector.cpp
  CSceneLoaderIrr.cpp
  CSceneNodeAnimatorCameraFPS.cpp
  CSceneNodeAnimatorCameraMaya.cpp
  CSceneNodeAnimatorCollisionResponse.cpp
  CSceneNodeAnimatorDelete.cpp
  CSceneNodeAnimatorFlyCircle.cpp
  CSceneNodeAnimatorFlyStraight.cpp
  CSceneNodeAnimatorFollowSpline.cpp
  CSceneNodeAnimatorRotation.cpp
  CSceneNodeAnimatorTexture.cpp
  CColladaMeshWriter.cpp
  CIrrMeshWriter.cpp
  COBJMeshWriter.cpp
  CPLYMeshWriter.cpp
  CSTLMeshWriter.cpp
  CVideoModeList.cpp
  CSoftwareDriver.cpp
C:\dev\irrlicht\source\Irrlicht\CBlit.h(1005,28): warning C4244: '=': conversion from 'irr::u16' to 'irr::u8', possible loss of data
  (compiling source file 'CSoftwareDriver.cpp')
  
  CSoftwareTexture.cpp
  CTRFlat.cpp
  Compiling...
  CTRFlatWire.cpp
  CTRGouraud.cpp
  CTRGouraudWire.cpp
  CTRTextureFlat.cpp
  CTRTextureFlatWire.cpp
  CTRTextureGouraud.cpp
  CTRTextureGouraudAdd.cpp
  CTRTextureGouraudNoZ.cpp
  CTRTextureGouraudWire.cpp
  CZBuffer.cpp
  CColorConverter.cpp
  CFPSCounter.cpp
  CImage.cpp
C:\dev\irrlicht\source\Irrlicht\CBlit.h(1005,28): warning C4244: '=': conversion from 'irr::u16' to 'irr::u8', possible loss of data
  (compiling source file 'CImage.cpp')
  
  CNullDriver.cpp
  CImageWriterBMP.cpp
  CImageWriterJPG.cpp
  CImageWriterPCX.cpp
  CImageWriterPNG.cpp
  CImageWriterPPM.cpp
  CImageWriterPSD.cpp
  Compiling...
  CImageWriterTGA.cpp
  CImageLoaderBMP.cpp
  CImageLoaderDDS.cpp
  CImageLoaderJPG.cpp
  CImageLoaderPCX.cpp
  CImageLoaderPNG.cpp
  CImageLoaderPPM.cpp
  CImageLoaderPSD.cpp
  CImageLoaderPVR.cpp
  CImageLoaderRGB.cpp
C:\dev\irrlicht\source\Irrlicht\CImageLoaderRGB.cpp(558,65): warning C4244: '=': conversion from '__int64' to 'irr::s32', possible loss of data
  CImageLoaderTGA.cpp
  CImageLoaderWAL.cpp
  CD3D9Driver.cpp
  CD3D9HLSLMaterialRenderer.cpp
  CD3D9NormalMapRenderer.cpp
  CD3D9ParallaxMapRenderer.cpp
  CD3D9ShaderMaterialRenderer.cpp
  CD3D9Texture.cpp
  CBurningShader_Raster_Reference.cpp
  CDepthBuffer.cpp
  Compiling...
  CSoftwareDriver2.cpp
C:\dev\irrlicht\source\Irrlicht\CBlit.h(1005,28): warning C4244: '=': conversion from 'irr::u16' to 'irr::u8', possible loss of data
  (compiling source file 'CSoftwareDriver2.cpp')
  
  CSoftwareTexture2.cpp
  CTRGouraud2.cpp
  CTRGouraudAlpha2.cpp
  CTRGouraudAlphaNoZ2.cpp
  CTRNormalMap.cpp
  CTRStencilShadow.cpp
  CTRTextureBlend.cpp
  CTRTextureDetailMap2.cpp
  CTRTextureGouraud2.cpp
  CTRTextureGouraudAdd2.cpp
  CTRTextureGouraudAddNoZ2.cpp
  CTRTextureGouraudAlpha.cpp
  CTRTextureGouraudAlphaNoZ.cpp
  CTRTextureGouraudNoZ2.cpp
  CTRTextureGouraudVertexAlpha2.cpp
  CTRTextureLightMap2_Add.cpp
  CTRTextureLightMap2_M1.cpp
  CTRTextureLightMap2_M2.cpp
  CTRTextureLightMap2_M4.cpp
  Compiling...
  CTRTextureLightMapGouraud2_M4.cpp
  CTRTextureWire2.cpp
  IBurningShader.cpp
  CLogger.cpp
  COSOperator.cpp
  Irrlicht.cpp
  os.cpp
  utf8.cpp
  CProfiler.cpp
  leakHunter.cpp
  aescrypt.cpp
  aeskey.cpp
  aestab.cpp
  fileenc.cpp
  hmac.cpp
  prng.cpp
  pwd2key.cpp
  sha1.cpp
  sha2.cpp
  CIrrDeviceConsole.cpp
  Compiling...
  CIrrDeviceFB.cpp
  CIrrDeviceLinux.cpp
  CIrrDeviceSDL.cpp
  CIrrDeviceStub.cpp
  CIrrDeviceWin32.cpp
C:\dev\irrlicht\source\Irrlicht\CIrrDeviceWin32.cpp(1540,21): warning C4996: 'GetVersionExA': was declared deprecated
C:\dev\irrlicht\source\Irrlicht\CIrrDeviceWin32.cpp(1544,9): warning C4996: 'GetVersionExA': was declared deprecated
C:\dev\irrlicht\source\Irrlicht\CIrrDeviceWin32.cpp(1971,8): warning C4996: 'GetVersionExA': was declared deprecated
  CAttributes.cpp
  CFileList.cpp
  CFileSystem.cpp
  CLimitReadFile.cpp
  CMemoryFile.cpp
  CMountPointReader.cpp
  CNPKReader.cpp
  CPakReader.cpp
  CReadFile.cpp
  CTarReader.cpp
  CWADReader.cpp
  CWriteFile.cpp
  CXMLReader.cpp
  CXMLWriter.cpp
C:\dev\irrlicht\source\Irrlicht\CXMLWriter.cpp(210,24): warning C4267: 'argument': conversion from 'size_t' to 'irr::u32', possible loss of data
C:\dev\irrlicht\source\Irrlicht\CXMLWriter.cpp(427,24): warning C4267: 'argument': conversion from 'size_t' to 'irr::u32', possible loss of data
  CZipReader.cpp
C:\dev\irrlicht\source\Irrlicht\CZipReader.cpp(812,23): warning C4267: '=': conversion from 'size_t' to 'irr::u32', possible loss of data
  Compiling...
  irrXML.cpp
  CDefaultGUIElementFactory.cpp
  CGUIButton.cpp
  CGUICheckbox.cpp
  CGUIColorSelectDialog.cpp
  CGUIComboBox.cpp
  CGUIContextMenu.cpp
  CGUIEditBox.cpp
  CGUIEnvironment.cpp
  CGUIFileOpenDialog.cpp
  CGUIFont.cpp
  CGUIImage.cpp
  CGUIImageList.cpp
  CGUIInOutFader.cpp
  CGUIListBox.cpp
  CGUIMenu.cpp
  CGUIMeshViewer.cpp
  CGUIMessageBox.cpp
  CGUIModalScreen.cpp
  CGUIProfiler.cpp
  Compiling...
  CGUIScrollBar.cpp
  CGUISkin.cpp
  CGUISpinBox.cpp
  CGUISpriteBank.cpp
  CGUIStaticText.cpp
  CGUITabControl.cpp
  CGUITable.cpp
  CGUIToolBar.cpp
  CGUITreeView.cpp
  CGUIWindow.cpp
  LzmaDec.c
  adler32.c
  compress.c
  crc32.c
  deflate.c
  inffast.c
  inflate.c
  inftrees.c
  trees.c
  uncompr.c
  zutil.c
  jaricom.c
  jcapimin.c
  jcapistd.c
  jcarith.c
  jccoefct.c
  jccolor.c
  jcdctmgr.c
  jchuff.c
  jcinit.c
  Compiling...
  jcmainct.c
  jcmarker.c
  jcmaster.c
  jcomapi.c
  jcparam.c
  jcprepct.c
  jcsample.c
  jctrans.c
  jdapimin.c
  jdapistd.c
  jdarith.c
  jdatadst.c
C:\dev\irrlicht\source\Irrlicht\jpeglib\jdatadst.c(185,34): warning C4267: '=': conversion from 'size_t' to 'unsigned long', possible loss of data
  jdatasrc.c
  jdcoefct.c
  jdcolor.c
  jddctmgr.c
  jdhuff.c
  jdinput.c
  jdmainct.c
  jdmarker.c
  Compiling...
  jdmaster.c
  jdmerge.c
  jdpostct.c
  jdsample.c
  jdtrans.c
  jerror.c
  jfdctflt.c
  jfdctfst.c
  jfdctint.c
  jidctflt.c
  jidctfst.c
  jidctint.c
  jmemmgr.c
C:\dev\irrlicht\source\Irrlicht\jpeglib\jmemmgr.c(307,47): warning C4267: '+=': conversion from 'size_t' to 'long', possible loss of data
C:\dev\irrlicht\source\Irrlicht\jpeglib\jmemmgr.c(367,46): warning C4267: '+=': conversion from 'size_t' to 'long', possible loss of data
C:\dev\irrlicht\source\Irrlicht\jpeglib\jmemmgr.c(977,35): warning C4267: '-=': conversion from 'size_t' to 'long', possible loss of data
C:\dev\irrlicht\source\Irrlicht\jpeglib\jmemmgr.c(991,35): warning C4267: '-=': conversion from 'size_t' to 'long', possible loss of data
  jmemnobs.c
  jquant1.c
  jquant2.c
  jutils.c
  png.c
  pngerror.c
  pngget.c
  Compiling...
  pngmem.c
  pngpread.c
  pngread.c
  pngrio.c
  pngrtran.c
  pngrutil.c
  pngset.c
  pngtrans.c
  pngwio.c
  pngwrite.c
  pngwtran.c
  pngwutil.c
  blocksort.c
  bzcompress.c
C:\dev\irrlicht\source\Irrlicht\bzip2\bzcompress.c(205,23): warning C4244: '=': conversion from '__int64' to 'Int32', possible loss of data
  bzlib.c
  crctable.c
  decompress.c
  huffman.c
  randtable.c
     Creating library ..\..\lib\Win64-visualstudio\Irrlicht.lib and object ..\..\lib\Win64-visualstudio\Irrlicht.exp
  Generating code
  Not all modules are compiled with -Gy (function comdat), build without incremental LTCG.
  Finished generating code
  Irrlicht14.0.vcxproj -> C:\dev\irrlicht\bin\Win64-VisualStudio\Irrlicht.dll
